<?xml version="1.0" encoding="UTF-8"?>
<!-- Generated by org.testng.reporters.JUnitXMLReporter -->
<testsuite ignored="1" hostname="DESKTOP-HK8IP1E" failures="0" tests="2" name="Test1" time="15.031" errors="0" timestamp="2024-07-24T00:22:27 IST">
  <testcase classname="test.TestNG_Demo2" name="googleSearch3" time="5.62"/>
  <testcase classname="test.TestNG_Demo" name="googleSearch" time="6.133"/>
  <testcase classname="test.TestNG_Demo2" name="googleSearch2" time="0.0">
    <ignored/>
  </testcase> <!-- googleSearch2 -->
</testsuite> <!-- Test1 -->
