<?xml version="1.0" encoding="UTF-8"?>
<!-- Generated by org.testng.reporters.JUnitXMLReporter -->
<testsuite ignored="1" hostname="DESKTOP-HK8IP1E" failures="1" tests="2" name="Default test(failed)" time="0.206" errors="0" timestamp="2024-07-27T12:34:07 IST">
  <testcase classname="testNGPriorityMulBrowsernGrouping.TestNGRetryFailedDemo" name="test3" time="0.057">
    <failure type="java.lang.AssertionError" message="expected [true] but found [false]">
      <![CDATA[java.lang.AssertionError: expected [true] but found [false]
at testNGPriorityMulBrowsernGrouping.TestNGRetryFailedDemo.test3(TestNGRetryFailedDemo.java:25)
at java.base/java.util.ArrayList.forEach(ArrayList.java:1597)
... Removed 29 stack frames]]>
    </failure>
  </testcase> <!-- test3 -->
  <testcase classname="testNGPriorityMulBrowsernGrouping.TestNGRetryFailedDemo" name="test2" time="0.006"/>
  <testcase classname="testNGPriorityMulBrowsernGrouping.TestNGRetryFailedDemo" name="test1" time="0.0">
    <ignored/>
  </testcase> <!-- test1 -->
</testsuite> <!-- Default test(failed) -->
