<?xml version="1.0" encoding="UTF-8"?>
<testng-results ignored="0" total="1" passed="1" failed="0" skipped="0">
  <reporter-output>
  </reporter-output>
  <suite started-at="2024-07-27T19:22:44 IST" name="Default suite" finished-at="2024-07-27T19:23:07 IST" duration-ms="23165">
    <groups>
    </groups>
    <test started-at="2024-07-27T19:22:44 IST" name="Default test" finished-at="2024-07-27T19:23:07 IST" duration-ms="23165">
      <class name="testNGPriorityMulBrowsernGrouping.TestCase1">
        <test-method is-config="true" signature="setUp()[pri:0, instance:testNGPriorityMulBrowsernGrouping.TestCase1@4007f65e]" started-at="2024-07-27T19:22:44 IST" name="setUp" finished-at="2024-07-27T19:22:50 IST" duration-ms="5800" status="PASS">
          <reporter-output>
          </reporter-output>
        </test-method> <!-- setUp -->
        <test-method signature="testCase1()[pri:0, instance:testNGPriorityMulBrowsernGrouping.TestCase1@4007f65e]" started-at="2024-07-27T19:22:50 IST" name="testCase1" finished-at="2024-07-27T19:23:07 IST" duration-ms="16877" status="PASS">
          <reporter-output>
          </reporter-output>
        </test-method> <!-- testCase1 -->
        <test-method is-config="true" signature="tearDown()[pri:0, instance:testNGPriorityMulBrowsernGrouping.TestCase1@4007f65e]" started-at="2024-07-27T19:23:07 IST" name="tearDown" finished-at="2024-07-27T19:23:07 IST" duration-ms="383" status="PASS">
          <reporter-output>
          </reporter-output>
        </test-method> <!-- tearDown -->
      </class> <!-- testNGPriorityMulBrowsernGrouping.TestCase1 -->
    </test> <!-- Default test -->
  </suite> <!-- Default suite -->
</testng-results>
