<?xml version="1.0" encoding="UTF-8"?>
<!-- Generated by org.testng.reporters.JUnitXMLReporter -->
<testsuite ignored="4" hostname="DESKTOP-HK8IP1E" failures="0" tests="2" name="TestGroups" time="0.142" errors="0" timestamp="2024-07-26T18:34:50 IST">
  <testcase classname="testNGPriorityMulBrowsernGrouping.TestNGGroups" name="test1" time="0.022"/>
  <testcase classname="testNGPriorityMulBrowsernGrouping.TestNGGroups" name="test2" time="0.004"/>
  <testcase classname="testNGPriorityMulBrowsernGrouping.TestNGGroups" name="test6" time="0.0">
    <ignored/>
  </testcase> <!-- test6 -->
  <testcase classname="testNGPriorityMulBrowsernGrouping.TestNGGroups" name="test5" time="0.0">
    <ignored/>
  </testcase> <!-- test5 -->
  <testcase classname="testNGPriorityMulBrowsernGrouping.TestNGGroups" name="test4" time="0.0">
    <ignored/>
  </testcase> <!-- test4 -->
  <testcase classname="testNGPriorityMulBrowsernGrouping.TestNGGroups" name="test3" time="0.0">
    <ignored/>
  </testcase> <!-- test3 -->
</testsuite> <!-- TestGroups -->
